# JRE version: 7.0_21-b02
# Java VM: OpenJDK Server VM (23.7-b01 mixed mode linux-x86 )
Heap
 PSYoungGen      total 203968K, used 97953K [0xa43e0000, 0xb1e00000, 0xb4530000)
  eden space 193600K, 45% used [0xa43e0000,0xa996b3e0,0xb00f0000)
  from space 10368K, 99% used [0xb0e00000,0xb181d1c0,0xb1820000)
  to   space 13376K, 0% used [0xb00f0000,0xb00f0000,0xb0e00000)
 ParOldGen       total 32960K, used 17597K [0x84130000, 0x86160000, 0xa43e0000)
  object space 32960K, 53% used [0x84130000,0x8525f728,0x86160000)
 PSPermGen       total 21760K, used 21663K [0x7c130000, 0x7d670000, 0x84130000)
  object space 21760K, 99% used [0x7c130000,0x7d657da0,0x7d670000)
GC Heap History (10 events):
Event: 1.900 GC heap before
{Heap before GC invocations=4 (full 0):
 PSYoungGen      total 26752K, used 26744K [0xa43e0000, 0xa7820000, 0xb4530000)
  eden space 24704K, 100% used [0xa43e0000,0xa5c00000,0xa5c00000)
  from space 2048K, 99% used [0xa5c00000,0xa5dfe030,0xa5e00000)
  to   space 2048K, 0% used [0xa7620000,0xa7620000,0xa7820000)
 ParOldGen       total 32960K, used 3412K [0x84130000, 0x86160000, 0xa43e0000)
  object space 32960K, 10% used [0x84130000,0x844852a0,0x86160000)
 PSPermGen       total 16384K, used 8583K [0x7c130000, 0x7d130000, 0x84130000)
  object space 16384K, 52% used [0x7c130000,0x7c991d78,0x7d130000)
Event: 1.908 GC heap after
Heap after GC invocations=4 (full 0):
 PSYoungGen      total 51456K, used 2042K [0xa43e0000, 0xa7820000, 0xb4530000)
  eden space 49408K, 0% used [0xa43e0000,0xa43e0000,0xa7420000)
  from space 2048K, 99% used [0xa7620000,0xa781e880,0xa7820000)
  to   space 2048K, 0% used [0xa7420000,0xa7420000,0xa7620000)
 ParOldGen       total 32960K, used 5788K [0x84130000, 0x86160000, 0xa43e0000)
  object space 32960K, 17% used [0x84130000,0x846d7270,0x86160000)
 PSPermGen       total 16384K, used 8583K [0x7c130000, 0x7d130000, 0x84130000)
  object space 16384K, 52% used [0x7c130000,0x7c991d78,0x7d130000)
}
Event: 2.536 GC heap before
{Heap before GC invocations=5 (full 0):
 PSYoungGen      total 51456K, used 51450K [0xa43e0000, 0xa7820000, 0xb4530000)
  eden space 49408K, 100% used [0xa43e0000,0xa7420000,0xa7420000)
  from space 2048K, 99% used [0xa7620000,0xa781e880,0xa7820000)
  to   space 2048K, 0% used [0xa7420000,0xa7420000,0xa7620000)
 ParOldGen       total 32960K, used 5788K [0x84130000, 0x86160000, 0xa43e0000)
  object space 32960K, 17% used [0x84130000,0x846d7270,0x86160000)
 PSPermGen       total 16384K, used 8728K [0x7c130000, 0x7d130000, 0x84130000)
  object space 16384K, 53% used [0x7c130000,0x7c9b6368,0x7d130000)
Event: 2.545 GC heap after
Heap after GC invocations=5 (full 0):
 PSYoungGen      total 51456K, used 2048K [0xa43e0000, 0xaaf00000, 0xb4530000)
  eden space 49408K, 0% used [0xa43e0000,0xa43e0000,0xa7420000)
  from space 2048K, 100% used [0xa7420000,0xa7620000,0xa7620000)
  to   space 5440K, 0% used [0xaa9b0000,0xaa9b0000,0xaaf00000)
 ParOldGen       total 32960K, used 7349K [0x84130000, 0x86160000, 0xa43e0000)
  object space 32960K, 22% used [0x84130000,0x8485d618,0x86160000)
 PSPermGen       total 16384K, used 8728K [0x7c130000, 0x7d130000, 0x84130000)
  object space 16384K, 53% used [0x7c130000,0x7c9b6368,0x7d130000)
}
Event: 3.080 GC heap before
{Heap before GC invocations=6 (full 0):
 PSYoungGen      total 51456K, used 51456K [0xa43e0000, 0xaaf00000, 0xb4530000)
  eden space 49408K, 100% used [0xa43e0000,0xa7420000,0xa7420000)
  from space 2048K, 100% used [0xa7420000,0xa7620000,0xa7620000)
  to   space 5440K, 0% used [0xaa9b0000,0xaa9b0000,0xaaf00000)
 ParOldGen       total 32960K, used 7349K [0x84130000, 0x86160000, 0xa43e0000)
  object space 32960K, 22% used [0x84130000,0x8485d618,0x86160000)
 PSPermGen       total 16384K, used 9243K [0x7c130000, 0x7d130000, 0x84130000)
  object space 16384K, 56% used [0x7c130000,0x7ca36dd0,0x7d130000)
Event: 3.091 GC heap after
Heap after GC invocations=6 (full 0):
 PSYoungGen      total 103744K, used 4998K [0xa43e0000, 0xab000000, 0xb4530000)
  eden space 98304K, 0% used [0xa43e0000,0xa43e0000,0xaa3e0000)
  from space 5440K, 91% used [0xaa9b0000,0xaae91910,0xaaf00000)
  to   space 5952K, 0% used [0xaa3e0000,0xaa3e0000,0xaa9b0000)
 ParOldGen       total 32960K, used 7349K [0x84130000, 0x86160000, 0xa43e0000)
  object space 32960K, 22% used [0x84130000,0x8485d618,0x86160000)
 PSPermGen       total 16384K, used 9243K [0x7c130000, 0x7d130000, 0x84130000)
  object space 16384K, 56% used [0x7c130000,0x7ca36dd0,0x7d130000)
}
Event: 4.940 GC heap before
{Heap before GC invocations=7 (full 0):
 PSYoungGen      total 103744K, used 103302K [0xa43e0000, 0xab000000, 0xb4530000)
  eden space 98304K, 100% used [0xa43e0000,0xaa3e0000,0xaa3e0000)
  from space 5440K, 91% used [0xaa9b0000,0xaae91910,0xaaf00000)
  to   space 5952K, 0% used [0xaa3e0000,0xaa3e0000,0xaa9b0000)
 ParOldGen       total 32960K, used 7349K [0x84130000, 0x86160000, 0xa43e0000)
  object space 32960K, 22% used [0x84130000,0x8485d618,0x86160000)
 PSPermGen       total 16384K, used 15336K [0x7c130000, 0x7d130000, 0x84130000)
  object space 16384K, 93% used [0x7c130000,0x7d02a048,0x7d130000)
Event: 4.959 GC heap after
Heap after GC invocations=7 (full 0):
 PSYoungGen      total 104256K, used 5944K [0xa43e0000, 0xb1820000, 0xb4530000)
  eden space 98304K, 0% used [0xa43e0000,0xa43e0000,0xaa3e0000)
  from space 5952K, 99% used [0xaa3e0000,0xaa9ae208,0xaa9b0000)
  to   space 10368K, 0% used [0xb0e00000,0xb0e00000,0xb1820000)
 ParOldGen       total 32960K, used 14482K [0x84130000, 0x86160000, 0xa43e0000)
  object space 32960K, 43% used [0x84130000,0x84f54b00,0x86160000)
 PSPermGen       total 16384K, used 15336K [0x7c130000, 0x7d130000, 0x84130000)
  object space 16384K, 93% used [0x7c130000,0x7d02a048,0x7d130000)
}
Event: 6.747 GC heap before
{Heap before GC invocations=8 (full 0):
 PSYoungGen      total 104256K, used 104248K [0xa43e0000, 0xb1820000, 0xb4530000)
  eden space 98304K, 100% used [0xa43e0000,0xaa3e0000,0xaa3e0000)
  from space 5952K, 99% used [0xaa3e0000,0xaa9ae208,0xaa9b0000)
  to   space 10368K, 0% used [0xb0e00000,0xb0e00000,0xb1820000)
 ParOldGen       total 32960K, used 14482K [0x84130000, 0x86160000, 0xa43e0000)
  object space 32960K, 43% used [0x84130000,0x84f54b00,0x86160000)
 PSPermGen       total 20224K, used 20139K [0x7c130000, 0x7d4f0000, 0x84130000)
  object space 20224K, 99% used [0x7c130000,0x7d4dac30,0x7d4f0000)
Event: 6.765 GC heap after
Heap after GC invocations=8 (full 0):
 PSYoungGen      total 203968K, used 10356K [0xa43e0000, 0xb1e00000, 0xb4530000)
  eden space 193600K, 0% used [0xa43e0000,0xa43e0000,0xb00f0000)
  from space 10368K, 99% used [0xb0e00000,0xb181d1c0,0xb1820000)
  to   space 13376K, 0% used [0xb00f0000,0xb00f0000,0xb0e00000)
 ParOldGen       total 32960K, used 17597K [0x84130000, 0x86160000, 0xa43e0000)
  object space 32960K, 53% used [0x84130000,0x8525f728,0x86160000)
 PSPermGen       total 20224K, used 20139K [0x7c130000, 0x7d4f0000, 0x84130000)
  object space 20224K, 99% used [0x7c130000,0x7d4dac30,0x7d4f0000)
}

